{
  "RSpec": {
    "coverage": {
      "/Users/azhirahmadi/azhir/simple_mailer/app/models/user.rb": {
        "lines": [
          null,
          null,
          1,
          1,
          null,
          1,
          null,
          null,
          null,
          null,
          null,
          null,
          null,
          null,
          null,
          null,
          null,
          null
        ]
      },
      "/Users/azhirahmadi/azhir/simple_mailer/app/models/application_record.rb": {
        "lines": [
          null,
          null,
          1,
          1,
          null
        ]
      },
      "/Users/azhirahmadi/azhir/simple_mailer/app/controllers/api/v1/users_controller.rb": {
        "lines": [
          null,
          null,
          1,
          1,
          1,
          null,
          1,
          1,
          null,
          null,
          null,
          1,
          2,
          null,
          null,
          null,
          1,
          2,
          null,
          null,
          null,
          1,
          5,
          null,
          null,
          null,
          1,
          2,
          null,
          null,
          1,
          null,
          1,
          8,
          null,
          null,
          1,
          7,
          null,
          null,
          1,
          4,
          null,
          null,
          null,
          null
        ]
      },
      "/Users/azhirahmadi/azhir/simple_mailer/app/controllers/application_controller.rb": {
        "lines": [
          null,
          null,
          1,
          1,
          1,
          1,
          null
        ]
      },
      "/Users/azhirahmadi/azhir/simple_mailer/app/controllers/concerns/serializing_concern.rb": {
        "lines": [
          null,
          null,
          1,
          1,
          null,
          1,
          1,
          null,
          null,
          null,
          null,
          1,
          10,
          null,
          10,
          10,
          null,
          10,
          null,
          null,
          1,
          null,
          1,
          10,
          1,
          0,
          9,
          null,
          null,
          null,
          1,
          10,
          null,
          null,
          1,
          10,
          null,
          10,
          10,
          null,
          null
        ]
      },
      "/Users/azhirahmadi/azhir/simple_mailer/app/controllers/concerns/exception_handling_concern.rb": {
        "lines": [
          null,
          null,
          1,
          1,
          null,
          1,
          1,
          1,
          1,
          null,
          null,
          1,
          null,
          1,
          3,
          null,
          null,
          1,
          0,
          null,
          null,
          1,
          2,
          null,
          null
        ]
      },
      "/Users/azhirahmadi/azhir/simple_mailer/app/controllers/concerns/rendering_concern.rb": {
        "lines": [
          null,
          null,
          1,
          1,
          null,
          1,
          1,
          10,
          10,
          null,
          5,
          5,
          null,
          null,
          null,
          1,
          null,
          1,
          5,
          null,
          null,
          null,
          null,
          null,
          null,
          null,
          null
        ]
      },
      "/Users/azhirahmadi/azhir/simple_mailer/app/models/error.rb": {
        "lines": [
          null,
          null,
          1,
          1,
          null,
          1,
          null
        ]
      },
      "/Users/azhirahmadi/azhir/simple_mailer/app/serializlers/user_serializer.rb": {
        "lines": [
          null,
          null,
          1,
          1,
          null,
          1,
          null,
          1,
          1,
          null,
          null
        ]
      },
      "/Users/azhirahmadi/azhir/simple_mailer/app/serializlers/application_serializer.rb": {
        "lines": [
          null,
          null,
          1,
          null
        ]
      },
      "/Users/azhirahmadi/azhir/simple_mailer/app/serializlers/error_serializer.rb": {
        "lines": [
          null,
          null,
          1,
          1,
          null
        ]
      }
    },
    "timestamp": 1686959485
  }
}
